<?xml version="1.0" encoding="UTF-8"?>
<testsuite xmlns:xsi="http://www.w3.org/2001/XMLSchema-instance" xsi:noNamespaceSchemaLocation="https://maven.apache.org/surefire/maven-surefire-plugin/xsd/surefire-test-report-3.0.xsd" version="3.0" name="com.firefly.core.notifications.provider.resend.core.v1.ResendEmailProviderTest" time="0.94" tests="3" errors="0" skipped="0" failures="2">
  <properties>
    <property name="java.specification.version" value="21"/>
    <property name="sun.jnu.encoding" value="UTF-8"/>
    <property name="java.class.path" value="/Users/ancongui/Development/firefly/lib-notifications-resend/target/test-classes:/Users/ancongui/Development/firefly/lib-notifications-resend/target/classes:/Users/ancongui/.m2/repository/com/firefly/lib-notifications-core/1.0.0-SNAPSHOT/lib-notifications-core-1.0.0-SNAPSHOT.jar:/Users/ancongui/.m2/repository/com/firefly/lib-common-core/1.0.0-SNAPSHOT/lib-common-core-1.0.0-SNAPSHOT.jar:/Users/ancongui/.m2/repository/org/springdoc/springdoc-openapi-starter-webflux-ui/2.3.0/springdoc-openapi-starter-webflux-ui-2.3.0.jar:/Users/ancongui/.m2/repository/org/springdoc/springdoc-openapi-starter-webflux-api/2.3.0/springdoc-openapi-starter-webflux-api-2.3.0.jar:/Users/ancongui/.m2/repository/org/springdoc/springdoc-openapi-starter-common/2.3.0/springdoc-openapi-starter-common-2.3.0.jar:/Users/ancongui/.m2/repository/io/swagger/core/v3/swagger-core-jakarta/2.2.19/swagger-core-jakarta-2.2.19.jar:/Users/ancongui/.m2/repository/org/apache/commons/commons-lang3/3.13.0/commons-lang3-3.13.0.jar:/Users/ancongui/.m2/repository/io/swagger/core/v3/swagger-annotations-jakarta/2.2.19/swagger-annotations-jakarta-2.2.19.jar:/Users/ancongui/.m2/repository/io/swagger/core/v3/swagger-models-jakarta/2.2.19/swagger-models-jakarta-2.2.19.jar:/Users/ancongui/.m2/repository/com/fasterxml/jackson/dataformat/jackson-dataformat-yaml/2.15.3/jackson-dataformat-yaml-2.15.3.jar:/Users/ancongui/.m2/repository/org/webjars/swagger-ui/5.10.3/swagger-ui-5.10.3.jar:/Users/ancongui/.m2/repository/io/swagger/core/v3/swagger-annotations/2.2.20/swagger-annotations-2.2.20.jar:/Users/ancongui/.m2/repository/org/mapstruct/mapstruct/1.5.5.Final/mapstruct-1.5.5.Final.jar:/Users/ancongui/.m2/repository/com/fasterxml/jackson/core/jackson-databind/2.15.3/jackson-databind-2.15.3.jar:/Users/ancongui/.m2/repository/com/fasterxml/jackson/core/jackson-annotations/2.15.3/jackson-annotations-2.15.3.jar:/Users/ancongui/.m2/repository/com/fasterxml/jackson/core/jackson-core/2.15.3/jackson-core-2.15.3.jar:/Users/ancongui/.m2/repository/com/fasterxml/jackson/datatype/jackson-datatype-jsr310/2.15.3/jackson-datatype-jsr310-2.15.3.jar:/Users/ancongui/.m2/repository/org/reflections/reflections/0.10.2/reflections-0.10.2.jar:/Users/ancongui/.m2/repository/org/javassist/javassist/3.28.0-GA/javassist-3.28.0-GA.jar:/Users/ancongui/.m2/repository/io/micrometer/micrometer-core/1.12.2/micrometer-core-1.12.2.jar:/Users/ancongui/.m2/repository/io/micrometer/micrometer-commons/1.12.2/micrometer-commons-1.12.2.jar:/Users/ancongui/.m2/repository/org/hdrhistogram/HdrHistogram/2.1.12/HdrHistogram-2.1.12.jar:/Users/ancongui/.m2/repository/org/latencyutils/LatencyUtils/2.0.3/LatencyUtils-2.0.3.jar:/Users/ancongui/.m2/repository/com/firefly/lib-common-cqrs/1.0.0-SNAPSHOT/lib-common-cqrs-1.0.0-SNAPSHOT.jar:/Users/ancongui/.m2/repository/com/firefly/lib-commons-validators/1.0.0-SNAPSHOT/lib-commons-validators-1.0.0-SNAPSHOT.jar:/Users/ancongui/.m2/repository/commons-validator/commons-validator/1.7/commons-validator-1.7.jar:/Users/ancongui/.m2/repository/commons-beanutils/commons-beanutils/1.9.4/commons-beanutils-1.9.4.jar:/Users/ancongui/.m2/repository/commons-digester/commons-digester/2.1/commons-digester-2.1.jar:/Users/ancongui/.m2/repository/commons-collections/commons-collections/3.2.2/commons-collections-3.2.2.jar:/Users/ancongui/.m2/repository/com/firefly/lib-common-cache/1.0.0-SNAPSHOT/lib-common-cache-1.0.0-SNAPSHOT.jar:/Users/ancongui/.m2/repository/org/springframework/spring-aspects/6.1.3/spring-aspects-6.1.3.jar:/Users/ancongui/.m2/repository/com/github/ben-manes/caffeine/caffeine/3.1.8/caffeine-3.1.8.jar:/Users/ancongui/.m2/repository/org/springframework/spring-context-support/6.1.3/spring-context-support-6.1.3.jar:/Users/ancongui/.m2/repository/org/springframework/boot/spring-boot-starter-webflux/3.2.2/spring-boot-starter-webflux-3.2.2.jar:/Users/ancongui/.m2/repository/org/springframework/boot/spring-boot-starter-json/3.2.2/spring-boot-starter-json-3.2.2.jar:/Users/ancongui/.m2/repository/com/fasterxml/jackson/datatype/jackson-datatype-jdk8/2.15.3/jackson-datatype-jdk8-2.15.3.jar:/Users/ancongui/.m2/repository/com/fasterxml/jackson/module/jackson-module-parameter-names/2.15.3/jackson-module-parameter-names-2.15.3.jar:/Users/ancongui/.m2/repository/org/springframework/boot/spring-boot-starter-reactor-netty/3.2.2/spring-boot-starter-reactor-netty-3.2.2.jar:/Users/ancongui/.m2/repository/io/projectreactor/netty/reactor-netty-http/1.1.15/reactor-netty-http-1.1.15.jar:/Users/ancongui/.m2/repository/io/netty/netty-codec-http/4.1.105.Final/netty-codec-http-4.1.105.Final.jar:/Users/ancongui/.m2/repository/io/netty/netty-common/4.1.105.Final/netty-common-4.1.105.Final.jar:/Users/ancongui/.m2/repository/io/netty/netty-buffer/4.1.105.Final/netty-buffer-4.1.105.Final.jar:/Users/ancongui/.m2/repository/io/netty/netty-transport/4.1.105.Final/netty-transport-4.1.105.Final.jar:/Users/ancongui/.m2/repository/io/netty/netty-codec/4.1.105.Final/netty-codec-4.1.105.Final.jar:/Users/ancongui/.m2/repository/io/netty/netty-handler/4.1.105.Final/netty-handler-4.1.105.Final.jar:/Users/ancongui/.m2/repository/io/netty/netty-codec-http2/4.1.105.Final/netty-codec-http2-4.1.105.Final.jar:/Users/ancongui/.m2/repository/io/netty/netty-resolver-dns/4.1.105.Final/netty-resolver-dns-4.1.105.Final.jar:/Users/ancongui/.m2/repository/io/netty/netty-resolver/4.1.105.Final/netty-resolver-4.1.105.Final.jar:/Users/ancongui/.m2/repository/io/netty/netty-codec-dns/4.1.105.Final/netty-codec-dns-4.1.105.Final.jar:/Users/ancongui/.m2/repository/io/netty/netty-resolver-dns-native-macos/4.1.105.Final/netty-resolver-dns-native-macos-4.1.105.Final-osx-x86_64.jar:/Users/ancongui/.m2/repository/io/netty/netty-resolver-dns-classes-macos/4.1.105.Final/netty-resolver-dns-classes-macos-4.1.105.Final.jar:/Users/ancongui/.m2/repository/io/netty/netty-transport-native-epoll/4.1.105.Final/netty-transport-native-epoll-4.1.105.Final-linux-x86_64.jar:/Users/ancongui/.m2/repository/io/netty/netty-transport-native-unix-common/4.1.105.Final/netty-transport-native-unix-common-4.1.105.Final.jar:/Users/ancongui/.m2/repository/io/netty/netty-transport-classes-epoll/4.1.105.Final/netty-transport-classes-epoll-4.1.105.Final.jar:/Users/ancongui/.m2/repository/io/projectreactor/netty/reactor-netty-core/1.1.15/reactor-netty-core-1.1.15.jar:/Users/ancongui/.m2/repository/io/netty/netty-handler-proxy/4.1.105.Final/netty-handler-proxy-4.1.105.Final.jar:/Users/ancongui/.m2/repository/io/netty/netty-codec-socks/4.1.105.Final/netty-codec-socks-4.1.105.Final.jar:/Users/ancongui/.m2/repository/org/springframework/spring-web/6.1.3/spring-web-6.1.3.jar:/Users/ancongui/.m2/repository/org/springframework/spring-webflux/6.1.3/spring-webflux-6.1.3.jar:/Users/ancongui/.m2/repository/com/firefly/lib-common-client/1.0.0-SNAPSHOT/lib-common-client-1.0.0-SNAPSHOT.jar:/Users/ancongui/.m2/repository/org/springframework/boot/spring-boot-starter-validation/3.2.2/spring-boot-starter-validation-3.2.2.jar:/Users/ancongui/.m2/repository/org/apache/tomcat/embed/tomcat-embed-el/10.1.18/tomcat-embed-el-10.1.18.jar:/Users/ancongui/.m2/repository/org/hibernate/validator/hibernate-validator/8.0.1.Final/hibernate-validator-8.0.1.Final.jar:/Users/ancongui/.m2/repository/org/jboss/logging/jboss-logging/3.5.3.Final/jboss-logging-3.5.3.Final.jar:/Users/ancongui/.m2/repository/com/fasterxml/classmate/1.6.0/classmate-1.6.0.jar:/Users/ancongui/.m2/repository/org/springframework/boot/spring-boot-starter-aop/3.2.2/spring-boot-starter-aop-3.2.2.jar:/Users/ancongui/.m2/repository/org/springframework/spring-aop/6.1.3/spring-aop-6.1.3.jar:/Users/ancongui/.m2/repository/org/aspectj/aspectjweaver/1.9.21/aspectjweaver-1.9.21.jar:/Users/ancongui/.m2/repository/org/springframework/data/spring-data-commons/3.2.2/spring-data-commons-3.2.2.jar:/Users/ancongui/.m2/repository/org/springframework/spring-beans/6.1.3/spring-beans-6.1.3.jar:/Users/ancongui/.m2/repository/org/slf4j/slf4j-api/2.0.11/slf4j-api-2.0.11.jar:/Users/ancongui/.m2/repository/org/springframework/retry/spring-retry/2.0.5/spring-retry-2.0.5.jar:/Users/ancongui/.m2/repository/org/springframework/boot/spring-boot-starter-actuator/3.2.2/spring-boot-starter-actuator-3.2.2.jar:/Users/ancongui/.m2/repository/org/springframework/boot/spring-boot-actuator-autoconfigure/3.2.2/spring-boot-actuator-autoconfigure-3.2.2.jar:/Users/ancongui/.m2/repository/org/springframework/boot/spring-boot-actuator/3.2.2/spring-boot-actuator-3.2.2.jar:/Users/ancongui/.m2/repository/io/micrometer/micrometer-observation/1.12.2/micrometer-observation-1.12.2.jar:/Users/ancongui/.m2/repository/io/micrometer/micrometer-jakarta9/1.12.2/micrometer-jakarta9-1.12.2.jar:/Users/ancongui/.m2/repository/io/micrometer/micrometer-tracing/1.2.2/micrometer-tracing-1.2.2.jar:/Users/ancongui/.m2/repository/io/micrometer/context-propagation/1.1.0/context-propagation-1.1.0.jar:/Users/ancongui/.m2/repository/aopalliance/aopalliance/1.0/aopalliance-1.0.jar:/Users/ancongui/.m2/repository/io/micrometer/micrometer-tracing-bridge-brave/1.2.2/micrometer-tracing-bridge-brave-1.2.2.jar:/Users/ancongui/.m2/repository/io/zipkin/brave/brave/5.16.0/brave-5.16.0.jar:/Users/ancongui/.m2/repository/io/zipkin/brave/brave-context-slf4j/5.16.0/brave-context-slf4j-5.16.0.jar:/Users/ancongui/.m2/repository/io/zipkin/brave/brave-instrumentation-http/5.16.0/brave-instrumentation-http-5.16.0.jar:/Users/ancongui/.m2/repository/io/zipkin/aws/brave-propagation-aws/0.23.5/brave-propagation-aws-0.23.5.jar:/Users/ancongui/.m2/repository/io/zipkin/reporter2/zipkin-reporter-brave/2.16.3/zipkin-reporter-brave-2.16.3.jar:/Users/ancongui/.m2/repository/io/zipkin/reporter2/zipkin-reporter/2.16.3/zipkin-reporter-2.16.3.jar:/Users/ancongui/.m2/repository/io/zipkin/zipkin2/zipkin/2.23.2/zipkin-2.23.2.jar:/Users/ancongui/.m2/repository/io/micrometer/micrometer-tracing-bridge-otel/1.2.2/micrometer-tracing-bridge-otel-1.2.2.jar:/Users/ancongui/.m2/repository/io/opentelemetry/opentelemetry-api/1.31.0/opentelemetry-api-1.31.0.jar:/Users/ancongui/.m2/repository/io/opentelemetry/opentelemetry-context/1.31.0/opentelemetry-context-1.31.0.jar:/Users/ancongui/.m2/repository/io/opentelemetry/semconv/opentelemetry-semconv/1.21.0-alpha/opentelemetry-semconv-1.21.0-alpha.jar:/Users/ancongui/.m2/repository/io/opentelemetry/opentelemetry-sdk-common/1.31.0/opentelemetry-sdk-common-1.31.0.jar:/Users/ancongui/.m2/repository/io/opentelemetry/opentelemetry-sdk-trace/1.31.0/opentelemetry-sdk-trace-1.31.0.jar:/Users/ancongui/.m2/repository/io/opentelemetry/opentelemetry-sdk/1.31.0/opentelemetry-sdk-1.31.0.jar:/Users/ancongui/.m2/repository/io/opentelemetry/opentelemetry-sdk-metrics/1.31.0/opentelemetry-sdk-metrics-1.31.0.jar:/Users/ancongui/.m2/repository/io/opentelemetry/opentelemetry-sdk-logs/1.31.0/opentelemetry-sdk-logs-1.31.0.jar:/Users/ancongui/.m2/repository/io/opentelemetry/opentelemetry-api-events/1.31.0-alpha/opentelemetry-api-events-1.31.0-alpha.jar:/Users/ancongui/.m2/repository/io/opentelemetry/instrumentation/opentelemetry-instrumentation-api-semconv/1.31.0-alpha/opentelemetry-instrumentation-api-semconv-1.31.0-alpha.jar:/Users/ancongui/.m2/repository/io/opentelemetry/instrumentation/opentelemetry-instrumentation-api/1.31.0/opentelemetry-instrumentation-api-1.31.0.jar:/Users/ancongui/.m2/repository/io/opentelemetry/opentelemetry-extension-incubator/1.31.0-alpha/opentelemetry-extension-incubator-1.31.0-alpha.jar:/Users/ancongui/.m2/repository/io/opentelemetry/opentelemetry-extension-trace-propagators/1.31.0/opentelemetry-extension-trace-propagators-1.31.0.jar:/Users/ancongui/.m2/repository/io/opentelemetry/opentelemetry-exporter-zipkin/1.31.0/opentelemetry-exporter-zipkin-1.31.0.jar:/Users/ancongui/.m2/repository/io/opentelemetry/opentelemetry-exporter-common/1.31.0/opentelemetry-exporter-common-1.31.0.jar:/Users/ancongui/.m2/repository/io/opentelemetry/opentelemetry-sdk-extension-autoconfigure-spi/1.31.0/opentelemetry-sdk-extension-autoconfigure-spi-1.31.0.jar:/Users/ancongui/.m2/repository/io/zipkin/reporter2/zipkin-sender-okhttp3/2.16.3/zipkin-sender-okhttp3-2.16.3.jar:/Users/ancongui/.m2/repository/io/micrometer/micrometer-registry-prometheus/1.12.2/micrometer-registry-prometheus-1.12.2.jar:/Users/ancongui/.m2/repository/io/prometheus/simpleclient_common/0.16.0/simpleclient_common-0.16.0.jar:/Users/ancongui/.m2/repository/io/prometheus/simpleclient/0.16.0/simpleclient-0.16.0.jar:/Users/ancongui/.m2/repository/io/prometheus/simpleclient_tracer_otel/0.16.0/simpleclient_tracer_otel-0.16.0.jar:/Users/ancongui/.m2/repository/io/prometheus/simpleclient_tracer_common/0.16.0/simpleclient_tracer_common-0.16.0.jar:/Users/ancongui/.m2/repository/io/prometheus/simpleclient_tracer_otel_agent/0.16.0/simpleclient_tracer_otel_agent-0.16.0.jar:/Users/ancongui/.m2/repository/net/logstash/logback/logstash-logback-encoder/7.4/logstash-logback-encoder-7.4.jar:/Users/ancongui/.m2/repository/org/codehaus/janino/janino/3.1.11/janino-3.1.11.jar:/Users/ancongui/.m2/repository/org/codehaus/janino/commons-compiler/3.1.11/commons-compiler-3.1.11.jar:/Users/ancongui/.m2/repository/io/grpc/grpc-netty-shaded/1.60.1/grpc-netty-shaded-1.60.1.jar:/Users/ancongui/.m2/repository/com/google/guava/guava/32.0.1-android/guava-32.0.1-android.jar:/Users/ancongui/.m2/repository/com/google/guava/failureaccess/1.0.1/failureaccess-1.0.1.jar:/Users/ancongui/.m2/repository/com/google/guava/listenablefuture/9999.0-empty-to-avoid-conflict-with-guava/listenablefuture-9999.0-empty-to-avoid-conflict-with-guava.jar:/Users/ancongui/.m2/repository/org/checkerframework/checker-qual/3.33.0/checker-qual-3.33.0.jar:/Users/ancongui/.m2/repository/com/google/j2objc/j2objc-annotations/2.8/j2objc-annotations-2.8.jar:/Users/ancongui/.m2/repository/com/google/errorprone/error_prone_annotations/2.20.0/error_prone_annotations-2.20.0.jar:/Users/ancongui/.m2/repository/io/perfmark/perfmark-api/0.26.0/perfmark-api-0.26.0.jar:/Users/ancongui/.m2/repository/io/grpc/grpc-core/1.60.1/grpc-core-1.60.1.jar:/Users/ancongui/.m2/repository/com/google/code/gson/gson/2.10.1/gson-2.10.1.jar:/Users/ancongui/.m2/repository/com/google/android/annotations/4.1.1.4/annotations-4.1.1.4.jar:/Users/ancongui/.m2/repository/org/codehaus/mojo/animal-sniffer-annotations/1.23/animal-sniffer-annotations-1.23.jar:/Users/ancongui/.m2/repository/io/grpc/grpc-context/1.60.1/grpc-context-1.60.1.jar:/Users/ancongui/.m2/repository/io/grpc/grpc-util/1.60.1/grpc-util-1.60.1.jar:/Users/ancongui/.m2/repository/io/grpc/grpc-protobuf/1.60.1/grpc-protobuf-1.60.1.jar:/Users/ancongui/.m2/repository/io/grpc/grpc-api/1.60.1/grpc-api-1.60.1.jar:/Users/ancongui/.m2/repository/com/google/code/findbugs/jsr305/3.0.2/jsr305-3.0.2.jar:/Users/ancongui/.m2/repository/com/google/api/grpc/proto-google-common-protos/2.22.0/proto-google-common-protos-2.22.0.jar:/Users/ancongui/.m2/repository/io/grpc/grpc-protobuf-lite/1.60.1/grpc-protobuf-lite-1.60.1.jar:/Users/ancongui/.m2/repository/io/grpc/grpc-stub/1.60.1/grpc-stub-1.60.1.jar:/Users/ancongui/.m2/repository/com/google/protobuf/protobuf-java/3.25.1/protobuf-java-3.25.1.jar:/Users/ancongui/.m2/repository/io/github/resilience4j/resilience4j-spring-boot3/2.1.0/resilience4j-spring-boot3-2.1.0.jar:/Users/ancongui/.m2/repository/io/github/resilience4j/resilience4j-spring6/2.1.0/resilience4j-spring6-2.1.0.jar:/Users/ancongui/.m2/repository/io/github/resilience4j/resilience4j-annotations/2.1.0/resilience4j-annotations-2.1.0.jar:/Users/ancongui/.m2/repository/io/github/resilience4j/resilience4j-consumer/2.1.0/resilience4j-consumer-2.1.0.jar:/Users/ancongui/.m2/repository/io/github/resilience4j/resilience4j-circularbuffer/2.1.0/resilience4j-circularbuffer-2.1.0.jar:/Users/ancongui/.m2/repository/io/github/resilience4j/resilience4j-framework-common/2.1.0/resilience4j-framework-common-2.1.0.jar:/Users/ancongui/.m2/repository/io/github/resilience4j/resilience4j-micrometer/2.1.0/resilience4j-micrometer-2.1.0.jar:/Users/ancongui/.m2/repository/io/github/resilience4j/resilience4j-reactor/2.1.0/resilience4j-reactor-2.1.0.jar:/Users/ancongui/.m2/repository/io/github/resilience4j/resilience4j-ratelimiter/2.1.0/resilience4j-ratelimiter-2.1.0.jar:/Users/ancongui/.m2/repository/io/github/resilience4j/resilience4j-timelimiter/2.1.0/resilience4j-timelimiter-2.1.0.jar:/Users/ancongui/.m2/repository/io/github/resilience4j/resilience4j-bulkhead/2.1.0/resilience4j-bulkhead-2.1.0.jar:/Users/ancongui/.m2/repository/io/github/resilience4j/resilience4j-circuitbreaker/2.1.0/resilience4j-circuitbreaker-2.1.0.jar:/Users/ancongui/.m2/repository/io/github/resilience4j/resilience4j-core/2.1.0/resilience4j-core-2.1.0.jar:/Users/ancongui/.m2/repository/io/github/resilience4j/resilience4j-retry/2.1.0/resilience4j-retry-2.1.0.jar:/Users/ancongui/.m2/repository/jakarta/xml/ws/jakarta.xml.ws-api/4.0.1/jakarta.xml.ws-api-4.0.1.jar:/Users/ancongui/.m2/repository/com/sun/xml/ws/jaxws-rt/4.0.2/jaxws-rt-4.0.2.jar:/Users/ancongui/.m2/repository/com/sun/xml/bind/jaxb-impl/4.0.4/jaxb-impl-4.0.4.jar:/Users/ancongui/.m2/repository/com/sun/xml/bind/jaxb-core/4.0.4/jaxb-core-4.0.4.jar:/Users/ancongui/.m2/repository/org/glassfish/ha/ha-api/3.1.13/ha-api-3.1.13.jar:/Users/ancongui/.m2/repository/org/glassfish/external/management-api/3.2.3/management-api-3.2.3.jar:/Users/ancongui/.m2/repository/org/glassfish/gmbal/gmbal-api-only/4.0.3/gmbal-api-only-4.0.3.jar:/Users/ancongui/.m2/repository/org/jvnet/staxex/stax-ex/2.1.0/stax-ex-2.1.0.jar:/Users/ancongui/.m2/repository/com/sun/xml/stream/buffer/streambuffer/2.1.0/streambuffer-2.1.0.jar:/Users/ancongui/.m2/repository/org/jvnet/mimepull/mimepull/1.10.0/mimepull-1.10.0.jar:/Users/ancongui/.m2/repository/com/sun/xml/fastinfoset/FastInfoset/2.1.0/FastInfoset-2.1.0.jar:/Users/ancongui/.m2/repository/jakarta/mail/jakarta.mail-api/2.1.2/jakarta.mail-api-2.1.2.jar:/Users/ancongui/.m2/repository/org/eclipse/angus/angus-activation/2.0.1/angus-activation-2.0.1.jar:/Users/ancongui/.m2/repository/org/eclipse/angus/angus-mail/2.0.2/angus-mail-2.0.2.jar:/Users/ancongui/.m2/repository/com/fasterxml/woodstox/woodstox-core/6.5.1/woodstox-core-6.5.1.jar:/Users/ancongui/.m2/repository/org/codehaus/woodstox/stax2-api/4.2.2/stax2-api-4.2.2.jar:/Users/ancongui/.m2/repository/jakarta/activation/jakarta.activation-api/2.1.2/jakarta.activation-api-2.1.2.jar:/Users/ancongui/.m2/repository/jakarta/xml/soap/jakarta.xml.soap-api/3.0.1/jakarta.xml.soap-api-3.0.1.jar:/Users/ancongui/.m2/repository/com/sun/xml/messaging/saaj/saaj-impl/3.0.3/saaj-impl-3.0.3.jar:/Users/ancongui/.m2/repository/jakarta/xml/bind/jakarta.xml.bind-api/4.0.1/jakarta.xml.bind-api-4.0.1.jar:/Users/ancongui/.m2/repository/org/glassfish/jaxb/jaxb-runtime/4.0.4/jaxb-runtime-4.0.4.jar:/Users/ancongui/.m2/repository/org/glassfish/jaxb/jaxb-core/4.0.4/jaxb-core-4.0.4.jar:/Users/ancongui/.m2/repository/org/glassfish/jaxb/txw2/4.0.4/txw2-4.0.4.jar:/Users/ancongui/.m2/repository/com/sun/istack/istack-commons-runtime/4.1.2/istack-commons-runtime-4.1.2.jar:/Users/ancongui/.m2/repository/org/apache/cxf/cxf-spring-boot-starter-jaxws/4.0.3/cxf-spring-boot-starter-jaxws-4.0.3.jar:/Users/ancongui/.m2/repository/org/apache/cxf/cxf-spring-boot-autoconfigure/4.0.3/cxf-spring-boot-autoconfigure-4.0.3.jar:/Users/ancongui/.m2/repository/org/apache/cxf/cxf-rt-transports-http/4.0.3/cxf-rt-transports-http-4.0.3.jar:/Users/ancongui/.m2/repository/org/apache/cxf/cxf-rt-frontend-jaxws/4.0.3/cxf-rt-frontend-jaxws-4.0.3.jar:/Users/ancongui/.m2/repository/xml-resolver/xml-resolver/1.2/xml-resolver-1.2.jar:/Users/ancongui/.m2/repository/org/ow2/asm/asm/9.5/asm-9.5.jar:/Users/ancongui/.m2/repository/org/apache/cxf/cxf-rt-bindings-xml/4.0.3/cxf-rt-bindings-xml-4.0.3.jar:/Users/ancongui/.m2/repository/org/apache/cxf/cxf-rt-frontend-simple/4.0.3/cxf-rt-frontend-simple-4.0.3.jar:/Users/ancongui/.m2/repository/org/apache/cxf/cxf-rt-ws-addr/4.0.3/cxf-rt-ws-addr-4.0.3.jar:/Users/ancongui/.m2/repository/org/apache/cxf/cxf-rt-ws-policy/4.0.3/cxf-rt-ws-policy-4.0.3.jar:/Users/ancongui/.m2/repository/org/apache/cxf/cxf-rt-features-metrics/4.0.3/cxf-rt-features-metrics-4.0.3.jar:/Users/ancongui/.m2/repository/jakarta/validation/jakarta.validation-api/3.0.2/jakarta.validation-api-3.0.2.jar:/Users/ancongui/.m2/repository/org/apache/cxf/cxf-rt-ws-security/4.0.3/cxf-rt-ws-security-4.0.3.jar:/Users/ancongui/.m2/repository/org/apache/cxf/cxf-core/4.0.3/cxf-core-4.0.3.jar:/Users/ancongui/.m2/repository/org/apache/ws/xmlschema/xmlschema-core/2.3.1/xmlschema-core-2.3.1.jar:/Users/ancongui/.m2/repository/org/apache/cxf/cxf-rt-bindings-soap/4.0.3/cxf-rt-bindings-soap-4.0.3.jar:/Users/ancongui/.m2/repository/jakarta/jws/jakarta.jws-api/3.0.0/jakarta.jws-api-3.0.0.jar:/Users/ancongui/.m2/repository/org/apache/cxf/cxf-rt-wsdl/4.0.3/cxf-rt-wsdl-4.0.3.jar:/Users/ancongui/.m2/repository/org/apache/cxf/cxf-rt-databinding-jaxb/4.0.3/cxf-rt-databinding-jaxb-4.0.3.jar:/Users/ancongui/.m2/repository/org/apache/cxf/cxf-rt-security-saml/4.0.3/cxf-rt-security-saml-4.0.3.jar:/Users/ancongui/.m2/repository/org/apache/cxf/cxf-rt-security/4.0.3/cxf-rt-security-4.0.3.jar:/Users/ancongui/.m2/repository/org/ehcache/ehcache/3.10.8/ehcache-3.10.8-jakarta.jar:/Users/ancongui/.m2/repository/javax/cache/cache-api/1.1.1/cache-api-1.1.1.jar:/Users/ancongui/.m2/repository/org/apache/wss4j/wss4j-policy/3.0.1/wss4j-policy-3.0.1.jar:/Users/ancongui/.m2/repository/org/apache/neethi/neethi/3.2.0/neethi-3.2.0.jar:/Users/ancongui/.m2/repository/org/apache/wss4j/wss4j-ws-security-stax/3.0.1/wss4j-ws-security-stax-3.0.1.jar:/Users/ancongui/.m2/repository/org/apache/wss4j/wss4j-bindings/3.0.1/wss4j-bindings-3.0.1.jar:/Users/ancongui/.m2/repository/org/apache/wss4j/wss4j-ws-security-policy-stax/3.0.1/wss4j-ws-security-policy-stax-3.0.1.jar:/Users/ancongui/.m2/repository/org/apache/wss4j/wss4j-ws-security-dom/3.0.2/wss4j-ws-security-dom-3.0.2.jar:/Users/ancongui/.m2/repository/org/apache/wss4j/wss4j-ws-security-common/3.0.2/wss4j-ws-security-common-3.0.2.jar:/Users/ancongui/.m2/repository/org/apache/santuario/xmlsec/3.0.3/xmlsec-3.0.3.jar:/Users/ancongui/.m2/repository/commons-codec/commons-codec/1.16.0/commons-codec-1.16.0.jar:/Users/ancongui/.m2/repository/org/opensaml/opensaml-saml-impl/4.3.0/opensaml-saml-impl-4.3.0.jar:/Users/ancongui/.m2/repository/org/opensaml/opensaml-core/4.3.0/opensaml-core-4.3.0.jar:/Users/ancongui/.m2/repository/org/opensaml/opensaml-profile-api/4.3.0/opensaml-profile-api-4.3.0.jar:/Users/ancongui/.m2/repository/org/opensaml/opensaml-saml-api/4.3.0/opensaml-saml-api-4.3.0.jar:/Users/ancongui/.m2/repository/org/opensaml/opensaml-security-api/4.3.0/opensaml-security-api-4.3.0.jar:/Users/ancongui/.m2/repository/org/bouncycastle/bcpkix-jdk18on/1.72/bcpkix-jdk18on-1.72.jar:/Users/ancongui/.m2/repository/org/bouncycastle/bcutil-jdk18on/1.72/bcutil-jdk18on-1.72.jar:/Users/ancongui/.m2/repository/org/opensaml/opensaml-security-impl/4.3.0/opensaml-security-impl-4.3.0.jar:/Users/ancongui/.m2/repository/org/opensaml/opensaml-soap-api/4.3.0/opensaml-soap-api-4.3.0.jar:/Users/ancongui/.m2/repository/org/opensaml/opensaml-xmlsec-api/4.3.0/opensaml-xmlsec-api-4.3.0.jar:/Users/ancongui/.m2/repository/org/opensaml/opensaml-xmlsec-impl/4.3.0/opensaml-xmlsec-impl-4.3.0.jar:/Users/ancongui/.m2/repository/io/dropwizard/metrics/metrics-core/4.2.23/metrics-core-4.2.23.jar:/Users/ancongui/.m2/repository/net/shibboleth/utilities/java-support/8.4.0/java-support-8.4.0.jar:/Users/ancongui/.m2/repository/org/cryptacular/cryptacular/1.2.6/cryptacular-1.2.6.jar:/Users/ancongui/.m2/repository/org/bouncycastle/bcprov-jdk18on/1.76/bcprov-jdk18on-1.76.jar:/Users/ancongui/.m2/repository/org/opensaml/opensaml-xacml-impl/4.3.0/opensaml-xacml-impl-4.3.0.jar:/Users/ancongui/.m2/repository/org/opensaml/opensaml-xacml-api/4.3.0/opensaml-xacml-api-4.3.0.jar:/Users/ancongui/.m2/repository/org/opensaml/opensaml-xacml-saml-impl/4.3.0/opensaml-xacml-saml-impl-4.3.0.jar:/Users/ancongui/.m2/repository/org/opensaml/opensaml-xacml-saml-api/4.3.0/opensaml-xacml-saml-api-4.3.0.jar:/Users/ancongui/.m2/repository/org/jasypt/jasypt/1.9.3/jasypt-1.9.3.jar:/Users/ancongui/.m2/repository/wsdl4j/wsdl4j/1.6.3/wsdl4j-1.6.3.jar:/Users/ancongui/.m2/repository/org/glassfish/jaxb/jaxb-xjc/4.0.4/jaxb-xjc-4.0.4.jar:/Users/ancongui/.m2/repository/org/glassfish/jaxb/xsom/4.0.4/xsom-4.0.4.jar:/Users/ancongui/.m2/repository/com/sun/xml/bind/external/relaxng-datatype/4.0.4/relaxng-datatype-4.0.4.jar:/Users/ancongui/.m2/repository/org/glassfish/jaxb/codemodel/4.0.4/codemodel-4.0.4.jar:/Users/ancongui/.m2/repository/com/sun/xml/bind/external/rngom/4.0.4/rngom-4.0.4.jar:/Users/ancongui/.m2/repository/com/sun/xml/dtd-parser/dtd-parser/1.5.0/dtd-parser-1.5.0.jar:/Users/ancongui/.m2/repository/com/sun/istack/istack-commons-tools/4.1.2/istack-commons-tools-4.1.2.jar:/Users/ancongui/.m2/repository/org/springframework/boot/spring-boot-starter/3.2.2/spring-boot-starter-3.2.2.jar:/Users/ancongui/.m2/repository/org/springframework/boot/spring-boot/3.2.2/spring-boot-3.2.2.jar:/Users/ancongui/.m2/repository/org/springframework/spring-context/6.1.3/spring-context-6.1.3.jar:/Users/ancongui/.m2/repository/org/springframework/spring-expression/6.1.3/spring-expression-6.1.3.jar:/Users/ancongui/.m2/repository/org/springframework/boot/spring-boot-autoconfigure/3.2.2/spring-boot-autoconfigure-3.2.2.jar:/Users/ancongui/.m2/repository/org/springframework/boot/spring-boot-starter-logging/3.2.2/spring-boot-starter-logging-3.2.2.jar:/Users/ancongui/.m2/repository/ch/qos/logback/logback-classic/1.4.14/logback-classic-1.4.14.jar:/Users/ancongui/.m2/repository/ch/qos/logback/logback-core/1.4.14/logback-core-1.4.14.jar:/Users/ancongui/.m2/repository/org/apache/logging/log4j/log4j-to-slf4j/2.21.1/log4j-to-slf4j-2.21.1.jar:/Users/ancongui/.m2/repository/org/apache/logging/log4j/log4j-api/2.21.1/log4j-api-2.21.1.jar:/Users/ancongui/.m2/repository/org/slf4j/jul-to-slf4j/2.0.11/jul-to-slf4j-2.0.11.jar:/Users/ancongui/.m2/repository/jakarta/annotation/jakarta.annotation-api/2.1.1/jakarta.annotation-api-2.1.1.jar:/Users/ancongui/.m2/repository/org/springframework/spring-core/6.1.3/spring-core-6.1.3.jar:/Users/ancongui/.m2/repository/org/springframework/spring-jcl/6.1.3/spring-jcl-6.1.3.jar:/Users/ancongui/.m2/repository/org/yaml/snakeyaml/2.2/snakeyaml-2.2.jar:/Users/ancongui/.m2/repository/org/projectlombok/lombok/1.18.30/lombok-1.18.30.jar:/Users/ancongui/.m2/repository/org/springframework/boot/spring-boot-starter-test/3.2.2/spring-boot-starter-test-3.2.2.jar:/Users/ancongui/.m2/repository/org/springframework/boot/spring-boot-test/3.2.2/spring-boot-test-3.2.2.jar:/Users/ancongui/.m2/repository/org/springframework/boot/spring-boot-test-autoconfigure/3.2.2/spring-boot-test-autoconfigure-3.2.2.jar:/Users/ancongui/.m2/repository/com/jayway/jsonpath/json-path/2.8.0/json-path-2.8.0.jar:/Users/ancongui/.m2/repository/net/minidev/json-smart/2.5.0/json-smart-2.5.0.jar:/Users/ancongui/.m2/repository/net/minidev/accessors-smart/2.5.0/accessors-smart-2.5.0.jar:/Users/ancongui/.m2/repository/org/assertj/assertj-core/3.24.2/assertj-core-3.24.2.jar:/Users/ancongui/.m2/repository/net/bytebuddy/byte-buddy/1.14.11/byte-buddy-1.14.11.jar:/Users/ancongui/.m2/repository/org/awaitility/awaitility/4.2.0/awaitility-4.2.0.jar:/Users/ancongui/.m2/repository/org/hamcrest/hamcrest/2.2/hamcrest-2.2.jar:/Users/ancongui/.m2/repository/org/junit/jupiter/junit-jupiter/5.10.1/junit-jupiter-5.10.1.jar:/Users/ancongui/.m2/repository/org/junit/jupiter/junit-jupiter-api/5.10.1/junit-jupiter-api-5.10.1.jar:/Users/ancongui/.m2/repository/org/opentest4j/opentest4j/1.3.0/opentest4j-1.3.0.jar:/Users/ancongui/.m2/repository/org/junit/platform/junit-platform-commons/1.10.1/junit-platform-commons-1.10.1.jar:/Users/ancongui/.m2/repository/org/apiguardian/apiguardian-api/1.1.2/apiguardian-api-1.1.2.jar:/Users/ancongui/.m2/repository/org/junit/jupiter/junit-jupiter-params/5.10.1/junit-jupiter-params-5.10.1.jar:/Users/ancongui/.m2/repository/org/junit/jupiter/junit-jupiter-engine/5.10.1/junit-jupiter-engine-5.10.1.jar:/Users/ancongui/.m2/repository/org/junit/platform/junit-platform-engine/1.10.1/junit-platform-engine-1.10.1.jar:/Users/ancongui/.m2/repository/org/mockito/mockito-core/5.7.0/mockito-core-5.7.0.jar:/Users/ancongui/.m2/repository/net/bytebuddy/byte-buddy-agent/1.14.11/byte-buddy-agent-1.14.11.jar:/Users/ancongui/.m2/repository/org/objenesis/objenesis/3.3/objenesis-3.3.jar:/Users/ancongui/.m2/repository/org/mockito/mockito-junit-jupiter/5.7.0/mockito-junit-jupiter-5.7.0.jar:/Users/ancongui/.m2/repository/org/skyscreamer/jsonassert/1.5.1/jsonassert-1.5.1.jar:/Users/ancongui/.m2/repository/com/vaadin/external/google/android-json/0.0.20131108.vaadin1/android-json-0.0.20131108.vaadin1.jar:/Users/ancongui/.m2/repository/org/springframework/spring-test/6.1.3/spring-test-6.1.3.jar:/Users/ancongui/.m2/repository/org/xmlunit/xmlunit-core/2.9.1/xmlunit-core-2.9.1.jar:/Users/ancongui/.m2/repository/io/projectreactor/reactor-test/3.6.2/reactor-test-3.6.2.jar:/Users/ancongui/.m2/repository/io/projectreactor/reactor-core/3.6.2/reactor-core-3.6.2.jar:/Users/ancongui/.m2/repository/org/reactivestreams/reactive-streams/1.0.4/reactive-streams-1.0.4.jar:/Users/ancongui/.m2/repository/com/squareup/okhttp3/mockwebserver/4.12.0/mockwebserver-4.12.0.jar:/Users/ancongui/.m2/repository/com/squareup/okhttp3/okhttp/4.12.0/okhttp-4.12.0.jar:/Users/ancongui/.m2/repository/com/squareup/okio/okio/3.6.0/okio-3.6.0.jar:/Users/ancongui/.m2/repository/com/squareup/okio/okio-jvm/3.6.0/okio-jvm-3.6.0.jar:/Users/ancongui/.m2/repository/org/jetbrains/kotlin/kotlin-stdlib-common/1.9.22/kotlin-stdlib-common-1.9.22.jar:/Users/ancongui/.m2/repository/junit/junit/4.13.2/junit-4.13.2.jar:/Users/ancongui/.m2/repository/org/hamcrest/hamcrest-core/2.2/hamcrest-core-2.2.jar:/Users/ancongui/.m2/repository/org/jetbrains/kotlin/kotlin-stdlib-jdk8/1.9.22/kotlin-stdlib-jdk8-1.9.22.jar:/Users/ancongui/.m2/repository/org/jetbrains/kotlin/kotlin-stdlib/1.9.22/kotlin-stdlib-1.9.22.jar:/Users/ancongui/.m2/repository/org/jetbrains/annotations/13.0/annotations-13.0.jar:/Users/ancongui/.m2/repository/org/jetbrains/kotlin/kotlin-stdlib-jdk7/1.9.22/kotlin-stdlib-jdk7-1.9.22.jar:"/>
    <property name="java.vm.vendor" value="Homebrew"/>
    <property name="sun.arch.data.model" value="64"/>
    <property name="java.vendor.url" value="https://github.com/Homebrew/homebrew-core/issues"/>
    <property name="user.timezone" value="Europe/Madrid"/>
    <property name="os.name" value="Mac OS X"/>
    <property name="java.vm.specification.version" value="21"/>
    <property name="sun.java.launcher" value="SUN_STANDARD"/>
    <property name="user.country" value="US"/>
    <property name="sun.boot.library.path" value="/opt/homebrew/Cellar/openjdk@21/21.0.8/libexec/openjdk.jdk/Contents/Home/lib"/>
    <property name="sun.java.command" value="/Users/ancongui/Development/firefly/lib-notifications-resend/target/surefire/surefirebooter-20251029171944731_3.jar /Users/ancongui/Development/firefly/lib-notifications-resend/target/surefire 2025-10-29T17-19-44_700-jvmRun1 surefire-20251029171944731_1tmp surefire_0-20251029171944731_2tmp"/>
    <property name="http.nonProxyHosts" value="local|*.local|169.254/16|*.169.254/16"/>
    <property name="jdk.debug" value="release"/>
    <property name="test" value="ResendEmailProviderTest"/>
    <property name="surefire.test.class.path" value="/Users/ancongui/Development/firefly/lib-notifications-resend/target/test-classes:/Users/ancongui/Development/firefly/lib-notifications-resend/target/classes:/Users/ancongui/.m2/repository/com/firefly/lib-notifications-core/1.0.0-SNAPSHOT/lib-notifications-core-1.0.0-SNAPSHOT.jar:/Users/ancongui/.m2/repository/com/firefly/lib-common-core/1.0.0-SNAPSHOT/lib-common-core-1.0.0-SNAPSHOT.jar:/Users/ancongui/.m2/repository/org/springdoc/springdoc-openapi-starter-webflux-ui/2.3.0/springdoc-openapi-starter-webflux-ui-2.3.0.jar:/Users/ancongui/.m2/repository/org/springdoc/springdoc-openapi-starter-webflux-api/2.3.0/springdoc-openapi-starter-webflux-api-2.3.0.jar:/Users/ancongui/.m2/repository/org/springdoc/springdoc-openapi-starter-common/2.3.0/springdoc-openapi-starter-common-2.3.0.jar:/Users/ancongui/.m2/repository/io/swagger/core/v3/swagger-core-jakarta/2.2.19/swagger-core-jakarta-2.2.19.jar:/Users/ancongui/.m2/repository/org/apache/commons/commons-lang3/3.13.0/commons-lang3-3.13.0.jar:/Users/ancongui/.m2/repository/io/swagger/core/v3/swagger-annotations-jakarta/2.2.19/swagger-annotations-jakarta-2.2.19.jar:/Users/ancongui/.m2/repository/io/swagger/core/v3/swagger-models-jakarta/2.2.19/swagger-models-jakarta-2.2.19.jar:/Users/ancongui/.m2/repository/com/fasterxml/jackson/dataformat/jackson-dataformat-yaml/2.15.3/jackson-dataformat-yaml-2.15.3.jar:/Users/ancongui/.m2/repository/org/webjars/swagger-ui/5.10.3/swagger-ui-5.10.3.jar:/Users/ancongui/.m2/repository/io/swagger/core/v3/swagger-annotations/2.2.20/swagger-annotations-2.2.20.jar:/Users/ancongui/.m2/repository/org/mapstruct/mapstruct/1.5.5.Final/mapstruct-1.5.5.Final.jar:/Users/ancongui/.m2/repository/com/fasterxml/jackson/core/jackson-databind/2.15.3/jackson-databind-2.15.3.jar:/Users/ancongui/.m2/repository/com/fasterxml/jackson/core/jackson-annotations/2.15.3/jackson-annotations-2.15.3.jar:/Users/ancongui/.m2/repository/com/fasterxml/jackson/core/jackson-core/2.15.3/jackson-core-2.15.3.jar:/Users/ancongui/.m2/repository/com/fasterxml/jackson/datatype/jackson-datatype-jsr310/2.15.3/jackson-datatype-jsr310-2.15.3.jar:/Users/ancongui/.m2/repository/org/reflections/reflections/0.10.2/reflections-0.10.2.jar:/Users/ancongui/.m2/repository/org/javassist/javassist/3.28.0-GA/javassist-3.28.0-GA.jar:/Users/ancongui/.m2/repository/io/micrometer/micrometer-core/1.12.2/micrometer-core-1.12.2.jar:/Users/ancongui/.m2/repository/io/micrometer/micrometer-commons/1.12.2/micrometer-commons-1.12.2.jar:/Users/ancongui/.m2/repository/org/hdrhistogram/HdrHistogram/2.1.12/HdrHistogram-2.1.12.jar:/Users/ancongui/.m2/repository/org/latencyutils/LatencyUtils/2.0.3/LatencyUtils-2.0.3.jar:/Users/ancongui/.m2/repository/com/firefly/lib-common-cqrs/1.0.0-SNAPSHOT/lib-common-cqrs-1.0.0-SNAPSHOT.jar:/Users/ancongui/.m2/repository/com/firefly/lib-commons-validators/1.0.0-SNAPSHOT/lib-commons-validators-1.0.0-SNAPSHOT.jar:/Users/ancongui/.m2/repository/commons-validator/commons-validator/1.7/commons-validator-1.7.jar:/Users/ancongui/.m2/repository/commons-beanutils/commons-beanutils/1.9.4/commons-beanutils-1.9.4.jar:/Users/ancongui/.m2/repository/commons-digester/commons-digester/2.1/commons-digester-2.1.jar:/Users/ancongui/.m2/repository/commons-collections/commons-collections/3.2.2/commons-collections-3.2.2.jar:/Users/ancongui/.m2/repository/com/firefly/lib-common-cache/1.0.0-SNAPSHOT/lib-common-cache-1.0.0-SNAPSHOT.jar:/Users/ancongui/.m2/repository/org/springframework/spring-aspects/6.1.3/spring-aspects-6.1.3.jar:/Users/ancongui/.m2/repository/com/github/ben-manes/caffeine/caffeine/3.1.8/caffeine-3.1.8.jar:/Users/ancongui/.m2/repository/org/springframework/spring-context-support/6.1.3/spring-context-support-6.1.3.jar:/Users/ancongui/.m2/repository/org/springframework/boot/spring-boot-starter-webflux/3.2.2/spring-boot-starter-webflux-3.2.2.jar:/Users/ancongui/.m2/repository/org/springframework/boot/spring-boot-starter-json/3.2.2/spring-boot-starter-json-3.2.2.jar:/Users/ancongui/.m2/repository/com/fasterxml/jackson/datatype/jackson-datatype-jdk8/2.15.3/jackson-datatype-jdk8-2.15.3.jar:/Users/ancongui/.m2/repository/com/fasterxml/jackson/module/jackson-module-parameter-names/2.15.3/jackson-module-parameter-names-2.15.3.jar:/Users/ancongui/.m2/repository/org/springframework/boot/spring-boot-starter-reactor-netty/3.2.2/spring-boot-starter-reactor-netty-3.2.2.jar:/Users/ancongui/.m2/repository/io/projectreactor/netty/reactor-netty-http/1.1.15/reactor-netty-http-1.1.15.jar:/Users/ancongui/.m2/repository/io/netty/netty-codec-http/4.1.105.Final/netty-codec-http-4.1.105.Final.jar:/Users/ancongui/.m2/repository/io/netty/netty-common/4.1.105.Final/netty-common-4.1.105.Final.jar:/Users/ancongui/.m2/repository/io/netty/netty-buffer/4.1.105.Final/netty-buffer-4.1.105.Final.jar:/Users/ancongui/.m2/repository/io/netty/netty-transport/4.1.105.Final/netty-transport-4.1.105.Final.jar:/Users/ancongui/.m2/repository/io/netty/netty-codec/4.1.105.Final/netty-codec-4.1.105.Final.jar:/Users/ancongui/.m2/repository/io/netty/netty-handler/4.1.105.Final/netty-handler-4.1.105.Final.jar:/Users/ancongui/.m2/repository/io/netty/netty-codec-http2/4.1.105.Final/netty-codec-http2-4.1.105.Final.jar:/Users/ancongui/.m2/repository/io/netty/netty-resolver-dns/4.1.105.Final/netty-resolver-dns-4.1.105.Final.jar:/Users/ancongui/.m2/repository/io/netty/netty-resolver/4.1.105.Final/netty-resolver-4.1.105.Final.jar:/Users/ancongui/.m2/repository/io/netty/netty-codec-dns/4.1.105.Final/netty-codec-dns-4.1.105.Final.jar:/Users/ancongui/.m2/repository/io/netty/netty-resolver-dns-native-macos/4.1.105.Final/netty-resolver-dns-native-macos-4.1.105.Final-osx-x86_64.jar:/Users/ancongui/.m2/repository/io/netty/netty-resolver-dns-classes-macos/4.1.105.Final/netty-resolver-dns-classes-macos-4.1.105.Final.jar:/Users/ancongui/.m2/repository/io/netty/netty-transport-native-epoll/4.1.105.Final/netty-transport-native-epoll-4.1.105.Final-linux-x86_64.jar:/Users/ancongui/.m2/repository/io/netty/netty-transport-native-unix-common/4.1.105.Final/netty-transport-native-unix-common-4.1.105.Final.jar:/Users/ancongui/.m2/repository/io/netty/netty-transport-classes-epoll/4.1.105.Final/netty-transport-classes-epoll-4.1.105.Final.jar:/Users/ancongui/.m2/repository/io/projectreactor/netty/reactor-netty-core/1.1.15/reactor-netty-core-1.1.15.jar:/Users/ancongui/.m2/repository/io/netty/netty-handler-proxy/4.1.105.Final/netty-handler-proxy-4.1.105.Final.jar:/Users/ancongui/.m2/repository/io/netty/netty-codec-socks/4.1.105.Final/netty-codec-socks-4.1.105.Final.jar:/Users/ancongui/.m2/repository/org/springframework/spring-web/6.1.3/spring-web-6.1.3.jar:/Users/ancongui/.m2/repository/org/springframework/spring-webflux/6.1.3/spring-webflux-6.1.3.jar:/Users/ancongui/.m2/repository/com/firefly/lib-common-client/1.0.0-SNAPSHOT/lib-common-client-1.0.0-SNAPSHOT.jar:/Users/ancongui/.m2/repository/org/springframework/boot/spring-boot-starter-validation/3.2.2/spring-boot-starter-validation-3.2.2.jar:/Users/ancongui/.m2/repository/org/apache/tomcat/embed/tomcat-embed-el/10.1.18/tomcat-embed-el-10.1.18.jar:/Users/ancongui/.m2/repository/org/hibernate/validator/hibernate-validator/8.0.1.Final/hibernate-validator-8.0.1.Final.jar:/Users/ancongui/.m2/repository/org/jboss/logging/jboss-logging/3.5.3.Final/jboss-logging-3.5.3.Final.jar:/Users/ancongui/.m2/repository/com/fasterxml/classmate/1.6.0/classmate-1.6.0.jar:/Users/ancongui/.m2/repository/org/springframework/boot/spring-boot-starter-aop/3.2.2/spring-boot-starter-aop-3.2.2.jar:/Users/ancongui/.m2/repository/org/springframework/spring-aop/6.1.3/spring-aop-6.1.3.jar:/Users/ancongui/.m2/repository/org/aspectj/aspectjweaver/1.9.21/aspectjweaver-1.9.21.jar:/Users/ancongui/.m2/repository/org/springframework/data/spring-data-commons/3.2.2/spring-data-commons-3.2.2.jar:/Users/ancongui/.m2/repository/org/springframework/spring-beans/6.1.3/spring-beans-6.1.3.jar:/Users/ancongui/.m2/repository/org/slf4j/slf4j-api/2.0.11/slf4j-api-2.0.11.jar:/Users/ancongui/.m2/repository/org/springframework/retry/spring-retry/2.0.5/spring-retry-2.0.5.jar:/Users/ancongui/.m2/repository/org/springframework/boot/spring-boot-starter-actuator/3.2.2/spring-boot-starter-actuator-3.2.2.jar:/Users/ancongui/.m2/repository/org/springframework/boot/spring-boot-actuator-autoconfigure/3.2.2/spring-boot-actuator-autoconfigure-3.2.2.jar:/Users/ancongui/.m2/repository/org/springframework/boot/spring-boot-actuator/3.2.2/spring-boot-actuator-3.2.2.jar:/Users/ancongui/.m2/repository/io/micrometer/micrometer-observation/1.12.2/micrometer-observation-1.12.2.jar:/Users/ancongui/.m2/repository/io/micrometer/micrometer-jakarta9/1.12.2/micrometer-jakarta9-1.12.2.jar:/Users/ancongui/.m2/repository/io/micrometer/micrometer-tracing/1.2.2/micrometer-tracing-1.2.2.jar:/Users/ancongui/.m2/repository/io/micrometer/context-propagation/1.1.0/context-propagation-1.1.0.jar:/Users/ancongui/.m2/repository/aopalliance/aopalliance/1.0/aopalliance-1.0.jar:/Users/ancongui/.m2/repository/io/micrometer/micrometer-tracing-bridge-brave/1.2.2/micrometer-tracing-bridge-brave-1.2.2.jar:/Users/ancongui/.m2/repository/io/zipkin/brave/brave/5.16.0/brave-5.16.0.jar:/Users/ancongui/.m2/repository/io/zipkin/brave/brave-context-slf4j/5.16.0/brave-context-slf4j-5.16.0.jar:/Users/ancongui/.m2/repository/io/zipkin/brave/brave-instrumentation-http/5.16.0/brave-instrumentation-http-5.16.0.jar:/Users/ancongui/.m2/repository/io/zipkin/aws/brave-propagation-aws/0.23.5/brave-propagation-aws-0.23.5.jar:/Users/ancongui/.m2/repository/io/zipkin/reporter2/zipkin-reporter-brave/2.16.3/zipkin-reporter-brave-2.16.3.jar:/Users/ancongui/.m2/repository/io/zipkin/reporter2/zipkin-reporter/2.16.3/zipkin-reporter-2.16.3.jar:/Users/ancongui/.m2/repository/io/zipkin/zipkin2/zipkin/2.23.2/zipkin-2.23.2.jar:/Users/ancongui/.m2/repository/io/micrometer/micrometer-tracing-bridge-otel/1.2.2/micrometer-tracing-bridge-otel-1.2.2.jar:/Users/ancongui/.m2/repository/io/opentelemetry/opentelemetry-api/1.31.0/opentelemetry-api-1.31.0.jar:/Users/ancongui/.m2/repository/io/opentelemetry/opentelemetry-context/1.31.0/opentelemetry-context-1.31.0.jar:/Users/ancongui/.m2/repository/io/opentelemetry/semconv/opentelemetry-semconv/1.21.0-alpha/opentelemetry-semconv-1.21.0-alpha.jar:/Users/ancongui/.m2/repository/io/opentelemetry/opentelemetry-sdk-common/1.31.0/opentelemetry-sdk-common-1.31.0.jar:/Users/ancongui/.m2/repository/io/opentelemetry/opentelemetry-sdk-trace/1.31.0/opentelemetry-sdk-trace-1.31.0.jar:/Users/ancongui/.m2/repository/io/opentelemetry/opentelemetry-sdk/1.31.0/opentelemetry-sdk-1.31.0.jar:/Users/ancongui/.m2/repository/io/opentelemetry/opentelemetry-sdk-metrics/1.31.0/opentelemetry-sdk-metrics-1.31.0.jar:/Users/ancongui/.m2/repository/io/opentelemetry/opentelemetry-sdk-logs/1.31.0/opentelemetry-sdk-logs-1.31.0.jar:/Users/ancongui/.m2/repository/io/opentelemetry/opentelemetry-api-events/1.31.0-alpha/opentelemetry-api-events-1.31.0-alpha.jar:/Users/ancongui/.m2/repository/io/opentelemetry/instrumentation/opentelemetry-instrumentation-api-semconv/1.31.0-alpha/opentelemetry-instrumentation-api-semconv-1.31.0-alpha.jar:/Users/ancongui/.m2/repository/io/opentelemetry/instrumentation/opentelemetry-instrumentation-api/1.31.0/opentelemetry-instrumentation-api-1.31.0.jar:/Users/ancongui/.m2/repository/io/opentelemetry/opentelemetry-extension-incubator/1.31.0-alpha/opentelemetry-extension-incubator-1.31.0-alpha.jar:/Users/ancongui/.m2/repository/io/opentelemetry/opentelemetry-extension-trace-propagators/1.31.0/opentelemetry-extension-trace-propagators-1.31.0.jar:/Users/ancongui/.m2/repository/io/opentelemetry/opentelemetry-exporter-zipkin/1.31.0/opentelemetry-exporter-zipkin-1.31.0.jar:/Users/ancongui/.m2/repository/io/opentelemetry/opentelemetry-exporter-common/1.31.0/opentelemetry-exporter-common-1.31.0.jar:/Users/ancongui/.m2/repository/io/opentelemetry/opentelemetry-sdk-extension-autoconfigure-spi/1.31.0/opentelemetry-sdk-extension-autoconfigure-spi-1.31.0.jar:/Users/ancongui/.m2/repository/io/zipkin/reporter2/zipkin-sender-okhttp3/2.16.3/zipkin-sender-okhttp3-2.16.3.jar:/Users/ancongui/.m2/repository/io/micrometer/micrometer-registry-prometheus/1.12.2/micrometer-registry-prometheus-1.12.2.jar:/Users/ancongui/.m2/repository/io/prometheus/simpleclient_common/0.16.0/simpleclient_common-0.16.0.jar:/Users/ancongui/.m2/repository/io/prometheus/simpleclient/0.16.0/simpleclient-0.16.0.jar:/Users/ancongui/.m2/repository/io/prometheus/simpleclient_tracer_otel/0.16.0/simpleclient_tracer_otel-0.16.0.jar:/Users/ancongui/.m2/repository/io/prometheus/simpleclient_tracer_common/0.16.0/simpleclient_tracer_common-0.16.0.jar:/Users/ancongui/.m2/repository/io/prometheus/simpleclient_tracer_otel_agent/0.16.0/simpleclient_tracer_otel_agent-0.16.0.jar:/Users/ancongui/.m2/repository/net/logstash/logback/logstash-logback-encoder/7.4/logstash-logback-encoder-7.4.jar:/Users/ancongui/.m2/repository/org/codehaus/janino/janino/3.1.11/janino-3.1.11.jar:/Users/ancongui/.m2/repository/org/codehaus/janino/commons-compiler/3.1.11/commons-compiler-3.1.11.jar:/Users/ancongui/.m2/repository/io/grpc/grpc-netty-shaded/1.60.1/grpc-netty-shaded-1.60.1.jar:/Users/ancongui/.m2/repository/com/google/guava/guava/32.0.1-android/guava-32.0.1-android.jar:/Users/ancongui/.m2/repository/com/google/guava/failureaccess/1.0.1/failureaccess-1.0.1.jar:/Users/ancongui/.m2/repository/com/google/guava/listenablefuture/9999.0-empty-to-avoid-conflict-with-guava/listenablefuture-9999.0-empty-to-avoid-conflict-with-guava.jar:/Users/ancongui/.m2/repository/org/checkerframework/checker-qual/3.33.0/checker-qual-3.33.0.jar:/Users/ancongui/.m2/repository/com/google/j2objc/j2objc-annotations/2.8/j2objc-annotations-2.8.jar:/Users/ancongui/.m2/repository/com/google/errorprone/error_prone_annotations/2.20.0/error_prone_annotations-2.20.0.jar:/Users/ancongui/.m2/repository/io/perfmark/perfmark-api/0.26.0/perfmark-api-0.26.0.jar:/Users/ancongui/.m2/repository/io/grpc/grpc-core/1.60.1/grpc-core-1.60.1.jar:/Users/ancongui/.m2/repository/com/google/code/gson/gson/2.10.1/gson-2.10.1.jar:/Users/ancongui/.m2/repository/com/google/android/annotations/4.1.1.4/annotations-4.1.1.4.jar:/Users/ancongui/.m2/repository/org/codehaus/mojo/animal-sniffer-annotations/1.23/animal-sniffer-annotations-1.23.jar:/Users/ancongui/.m2/repository/io/grpc/grpc-context/1.60.1/grpc-context-1.60.1.jar:/Users/ancongui/.m2/repository/io/grpc/grpc-util/1.60.1/grpc-util-1.60.1.jar:/Users/ancongui/.m2/repository/io/grpc/grpc-protobuf/1.60.1/grpc-protobuf-1.60.1.jar:/Users/ancongui/.m2/repository/io/grpc/grpc-api/1.60.1/grpc-api-1.60.1.jar:/Users/ancongui/.m2/repository/com/google/code/findbugs/jsr305/3.0.2/jsr305-3.0.2.jar:/Users/ancongui/.m2/repository/com/google/api/grpc/proto-google-common-protos/2.22.0/proto-google-common-protos-2.22.0.jar:/Users/ancongui/.m2/repository/io/grpc/grpc-protobuf-lite/1.60.1/grpc-protobuf-lite-1.60.1.jar:/Users/ancongui/.m2/repository/io/grpc/grpc-stub/1.60.1/grpc-stub-1.60.1.jar:/Users/ancongui/.m2/repository/com/google/protobuf/protobuf-java/3.25.1/protobuf-java-3.25.1.jar:/Users/ancongui/.m2/repository/io/github/resilience4j/resilience4j-spring-boot3/2.1.0/resilience4j-spring-boot3-2.1.0.jar:/Users/ancongui/.m2/repository/io/github/resilience4j/resilience4j-spring6/2.1.0/resilience4j-spring6-2.1.0.jar:/Users/ancongui/.m2/repository/io/github/resilience4j/resilience4j-annotations/2.1.0/resilience4j-annotations-2.1.0.jar:/Users/ancongui/.m2/repository/io/github/resilience4j/resilience4j-consumer/2.1.0/resilience4j-consumer-2.1.0.jar:/Users/ancongui/.m2/repository/io/github/resilience4j/resilience4j-circularbuffer/2.1.0/resilience4j-circularbuffer-2.1.0.jar:/Users/ancongui/.m2/repository/io/github/resilience4j/resilience4j-framework-common/2.1.0/resilience4j-framework-common-2.1.0.jar:/Users/ancongui/.m2/repository/io/github/resilience4j/resilience4j-micrometer/2.1.0/resilience4j-micrometer-2.1.0.jar:/Users/ancongui/.m2/repository/io/github/resilience4j/resilience4j-reactor/2.1.0/resilience4j-reactor-2.1.0.jar:/Users/ancongui/.m2/repository/io/github/resilience4j/resilience4j-ratelimiter/2.1.0/resilience4j-ratelimiter-2.1.0.jar:/Users/ancongui/.m2/repository/io/github/resilience4j/resilience4j-timelimiter/2.1.0/resilience4j-timelimiter-2.1.0.jar:/Users/ancongui/.m2/repository/io/github/resilience4j/resilience4j-bulkhead/2.1.0/resilience4j-bulkhead-2.1.0.jar:/Users/ancongui/.m2/repository/io/github/resilience4j/resilience4j-circuitbreaker/2.1.0/resilience4j-circuitbreaker-2.1.0.jar:/Users/ancongui/.m2/repository/io/github/resilience4j/resilience4j-core/2.1.0/resilience4j-core-2.1.0.jar:/Users/ancongui/.m2/repository/io/github/resilience4j/resilience4j-retry/2.1.0/resilience4j-retry-2.1.0.jar:/Users/ancongui/.m2/repository/jakarta/xml/ws/jakarta.xml.ws-api/4.0.1/jakarta.xml.ws-api-4.0.1.jar:/Users/ancongui/.m2/repository/com/sun/xml/ws/jaxws-rt/4.0.2/jaxws-rt-4.0.2.jar:/Users/ancongui/.m2/repository/com/sun/xml/bind/jaxb-impl/4.0.4/jaxb-impl-4.0.4.jar:/Users/ancongui/.m2/repository/com/sun/xml/bind/jaxb-core/4.0.4/jaxb-core-4.0.4.jar:/Users/ancongui/.m2/repository/org/glassfish/ha/ha-api/3.1.13/ha-api-3.1.13.jar:/Users/ancongui/.m2/repository/org/glassfish/external/management-api/3.2.3/management-api-3.2.3.jar:/Users/ancongui/.m2/repository/org/glassfish/gmbal/gmbal-api-only/4.0.3/gmbal-api-only-4.0.3.jar:/Users/ancongui/.m2/repository/org/jvnet/staxex/stax-ex/2.1.0/stax-ex-2.1.0.jar:/Users/ancongui/.m2/repository/com/sun/xml/stream/buffer/streambuffer/2.1.0/streambuffer-2.1.0.jar:/Users/ancongui/.m2/repository/org/jvnet/mimepull/mimepull/1.10.0/mimepull-1.10.0.jar:/Users/ancongui/.m2/repository/com/sun/xml/fastinfoset/FastInfoset/2.1.0/FastInfoset-2.1.0.jar:/Users/ancongui/.m2/repository/jakarta/mail/jakarta.mail-api/2.1.2/jakarta.mail-api-2.1.2.jar:/Users/ancongui/.m2/repository/org/eclipse/angus/angus-activation/2.0.1/angus-activation-2.0.1.jar:/Users/ancongui/.m2/repository/org/eclipse/angus/angus-mail/2.0.2/angus-mail-2.0.2.jar:/Users/ancongui/.m2/repository/com/fasterxml/woodstox/woodstox-core/6.5.1/woodstox-core-6.5.1.jar:/Users/ancongui/.m2/repository/org/codehaus/woodstox/stax2-api/4.2.2/stax2-api-4.2.2.jar:/Users/ancongui/.m2/repository/jakarta/activation/jakarta.activation-api/2.1.2/jakarta.activation-api-2.1.2.jar:/Users/ancongui/.m2/repository/jakarta/xml/soap/jakarta.xml.soap-api/3.0.1/jakarta.xml.soap-api-3.0.1.jar:/Users/ancongui/.m2/repository/com/sun/xml/messaging/saaj/saaj-impl/3.0.3/saaj-impl-3.0.3.jar:/Users/ancongui/.m2/repository/jakarta/xml/bind/jakarta.xml.bind-api/4.0.1/jakarta.xml.bind-api-4.0.1.jar:/Users/ancongui/.m2/repository/org/glassfish/jaxb/jaxb-runtime/4.0.4/jaxb-runtime-4.0.4.jar:/Users/ancongui/.m2/repository/org/glassfish/jaxb/jaxb-core/4.0.4/jaxb-core-4.0.4.jar:/Users/ancongui/.m2/repository/org/glassfish/jaxb/txw2/4.0.4/txw2-4.0.4.jar:/Users/ancongui/.m2/repository/com/sun/istack/istack-commons-runtime/4.1.2/istack-commons-runtime-4.1.2.jar:/Users/ancongui/.m2/repository/org/apache/cxf/cxf-spring-boot-starter-jaxws/4.0.3/cxf-spring-boot-starter-jaxws-4.0.3.jar:/Users/ancongui/.m2/repository/org/apache/cxf/cxf-spring-boot-autoconfigure/4.0.3/cxf-spring-boot-autoconfigure-4.0.3.jar:/Users/ancongui/.m2/repository/org/apache/cxf/cxf-rt-transports-http/4.0.3/cxf-rt-transports-http-4.0.3.jar:/Users/ancongui/.m2/repository/org/apache/cxf/cxf-rt-frontend-jaxws/4.0.3/cxf-rt-frontend-jaxws-4.0.3.jar:/Users/ancongui/.m2/repository/xml-resolver/xml-resolver/1.2/xml-resolver-1.2.jar:/Users/ancongui/.m2/repository/org/ow2/asm/asm/9.5/asm-9.5.jar:/Users/ancongui/.m2/repository/org/apache/cxf/cxf-rt-bindings-xml/4.0.3/cxf-rt-bindings-xml-4.0.3.jar:/Users/ancongui/.m2/repository/org/apache/cxf/cxf-rt-frontend-simple/4.0.3/cxf-rt-frontend-simple-4.0.3.jar:/Users/ancongui/.m2/repository/org/apache/cxf/cxf-rt-ws-addr/4.0.3/cxf-rt-ws-addr-4.0.3.jar:/Users/ancongui/.m2/repository/org/apache/cxf/cxf-rt-ws-policy/4.0.3/cxf-rt-ws-policy-4.0.3.jar:/Users/ancongui/.m2/repository/org/apache/cxf/cxf-rt-features-metrics/4.0.3/cxf-rt-features-metrics-4.0.3.jar:/Users/ancongui/.m2/repository/jakarta/validation/jakarta.validation-api/3.0.2/jakarta.validation-api-3.0.2.jar:/Users/ancongui/.m2/repository/org/apache/cxf/cxf-rt-ws-security/4.0.3/cxf-rt-ws-security-4.0.3.jar:/Users/ancongui/.m2/repository/org/apache/cxf/cxf-core/4.0.3/cxf-core-4.0.3.jar:/Users/ancongui/.m2/repository/org/apache/ws/xmlschema/xmlschema-core/2.3.1/xmlschema-core-2.3.1.jar:/Users/ancongui/.m2/repository/org/apache/cxf/cxf-rt-bindings-soap/4.0.3/cxf-rt-bindings-soap-4.0.3.jar:/Users/ancongui/.m2/repository/jakarta/jws/jakarta.jws-api/3.0.0/jakarta.jws-api-3.0.0.jar:/Users/ancongui/.m2/repository/org/apache/cxf/cxf-rt-wsdl/4.0.3/cxf-rt-wsdl-4.0.3.jar:/Users/ancongui/.m2/repository/org/apache/cxf/cxf-rt-databinding-jaxb/4.0.3/cxf-rt-databinding-jaxb-4.0.3.jar:/Users/ancongui/.m2/repository/org/apache/cxf/cxf-rt-security-saml/4.0.3/cxf-rt-security-saml-4.0.3.jar:/Users/ancongui/.m2/repository/org/apache/cxf/cxf-rt-security/4.0.3/cxf-rt-security-4.0.3.jar:/Users/ancongui/.m2/repository/org/ehcache/ehcache/3.10.8/ehcache-3.10.8-jakarta.jar:/Users/ancongui/.m2/repository/javax/cache/cache-api/1.1.1/cache-api-1.1.1.jar:/Users/ancongui/.m2/repository/org/apache/wss4j/wss4j-policy/3.0.1/wss4j-policy-3.0.1.jar:/Users/ancongui/.m2/repository/org/apache/neethi/neethi/3.2.0/neethi-3.2.0.jar:/Users/ancongui/.m2/repository/org/apache/wss4j/wss4j-ws-security-stax/3.0.1/wss4j-ws-security-stax-3.0.1.jar:/Users/ancongui/.m2/repository/org/apache/wss4j/wss4j-bindings/3.0.1/wss4j-bindings-3.0.1.jar:/Users/ancongui/.m2/repository/org/apache/wss4j/wss4j-ws-security-policy-stax/3.0.1/wss4j-ws-security-policy-stax-3.0.1.jar:/Users/ancongui/.m2/repository/org/apache/wss4j/wss4j-ws-security-dom/3.0.2/wss4j-ws-security-dom-3.0.2.jar:/Users/ancongui/.m2/repository/org/apache/wss4j/wss4j-ws-security-common/3.0.2/wss4j-ws-security-common-3.0.2.jar:/Users/ancongui/.m2/repository/org/apache/santuario/xmlsec/3.0.3/xmlsec-3.0.3.jar:/Users/ancongui/.m2/repository/commons-codec/commons-codec/1.16.0/commons-codec-1.16.0.jar:/Users/ancongui/.m2/repository/org/opensaml/opensaml-saml-impl/4.3.0/opensaml-saml-impl-4.3.0.jar:/Users/ancongui/.m2/repository/org/opensaml/opensaml-core/4.3.0/opensaml-core-4.3.0.jar:/Users/ancongui/.m2/repository/org/opensaml/opensaml-profile-api/4.3.0/opensaml-profile-api-4.3.0.jar:/Users/ancongui/.m2/repository/org/opensaml/opensaml-saml-api/4.3.0/opensaml-saml-api-4.3.0.jar:/Users/ancongui/.m2/repository/org/opensaml/opensaml-security-api/4.3.0/opensaml-security-api-4.3.0.jar:/Users/ancongui/.m2/repository/org/bouncycastle/bcpkix-jdk18on/1.72/bcpkix-jdk18on-1.72.jar:/Users/ancongui/.m2/repository/org/bouncycastle/bcutil-jdk18on/1.72/bcutil-jdk18on-1.72.jar:/Users/ancongui/.m2/repository/org/opensaml/opensaml-security-impl/4.3.0/opensaml-security-impl-4.3.0.jar:/Users/ancongui/.m2/repository/org/opensaml/opensaml-soap-api/4.3.0/opensaml-soap-api-4.3.0.jar:/Users/ancongui/.m2/repository/org/opensaml/opensaml-xmlsec-api/4.3.0/opensaml-xmlsec-api-4.3.0.jar:/Users/ancongui/.m2/repository/org/opensaml/opensaml-xmlsec-impl/4.3.0/opensaml-xmlsec-impl-4.3.0.jar:/Users/ancongui/.m2/repository/io/dropwizard/metrics/metrics-core/4.2.23/metrics-core-4.2.23.jar:/Users/ancongui/.m2/repository/net/shibboleth/utilities/java-support/8.4.0/java-support-8.4.0.jar:/Users/ancongui/.m2/repository/org/cryptacular/cryptacular/1.2.6/cryptacular-1.2.6.jar:/Users/ancongui/.m2/repository/org/bouncycastle/bcprov-jdk18on/1.76/bcprov-jdk18on-1.76.jar:/Users/ancongui/.m2/repository/org/opensaml/opensaml-xacml-impl/4.3.0/opensaml-xacml-impl-4.3.0.jar:/Users/ancongui/.m2/repository/org/opensaml/opensaml-xacml-api/4.3.0/opensaml-xacml-api-4.3.0.jar:/Users/ancongui/.m2/repository/org/opensaml/opensaml-xacml-saml-impl/4.3.0/opensaml-xacml-saml-impl-4.3.0.jar:/Users/ancongui/.m2/repository/org/opensaml/opensaml-xacml-saml-api/4.3.0/opensaml-xacml-saml-api-4.3.0.jar:/Users/ancongui/.m2/repository/org/jasypt/jasypt/1.9.3/jasypt-1.9.3.jar:/Users/ancongui/.m2/repository/wsdl4j/wsdl4j/1.6.3/wsdl4j-1.6.3.jar:/Users/ancongui/.m2/repository/org/glassfish/jaxb/jaxb-xjc/4.0.4/jaxb-xjc-4.0.4.jar:/Users/ancongui/.m2/repository/org/glassfish/jaxb/xsom/4.0.4/xsom-4.0.4.jar:/Users/ancongui/.m2/repository/com/sun/xml/bind/external/relaxng-datatype/4.0.4/relaxng-datatype-4.0.4.jar:/Users/ancongui/.m2/repository/org/glassfish/jaxb/codemodel/4.0.4/codemodel-4.0.4.jar:/Users/ancongui/.m2/repository/com/sun/xml/bind/external/rngom/4.0.4/rngom-4.0.4.jar:/Users/ancongui/.m2/repository/com/sun/xml/dtd-parser/dtd-parser/1.5.0/dtd-parser-1.5.0.jar:/Users/ancongui/.m2/repository/com/sun/istack/istack-commons-tools/4.1.2/istack-commons-tools-4.1.2.jar:/Users/ancongui/.m2/repository/org/springframework/boot/spring-boot-starter/3.2.2/spring-boot-starter-3.2.2.jar:/Users/ancongui/.m2/repository/org/springframework/boot/spring-boot/3.2.2/spring-boot-3.2.2.jar:/Users/ancongui/.m2/repository/org/springframework/spring-context/6.1.3/spring-context-6.1.3.jar:/Users/ancongui/.m2/repository/org/springframework/spring-expression/6.1.3/spring-expression-6.1.3.jar:/Users/ancongui/.m2/repository/org/springframework/boot/spring-boot-autoconfigure/3.2.2/spring-boot-autoconfigure-3.2.2.jar:/Users/ancongui/.m2/repository/org/springframework/boot/spring-boot-starter-logging/3.2.2/spring-boot-starter-logging-3.2.2.jar:/Users/ancongui/.m2/repository/ch/qos/logback/logback-classic/1.4.14/logback-classic-1.4.14.jar:/Users/ancongui/.m2/repository/ch/qos/logback/logback-core/1.4.14/logback-core-1.4.14.jar:/Users/ancongui/.m2/repository/org/apache/logging/log4j/log4j-to-slf4j/2.21.1/log4j-to-slf4j-2.21.1.jar:/Users/ancongui/.m2/repository/org/apache/logging/log4j/log4j-api/2.21.1/log4j-api-2.21.1.jar:/Users/ancongui/.m2/repository/org/slf4j/jul-to-slf4j/2.0.11/jul-to-slf4j-2.0.11.jar:/Users/ancongui/.m2/repository/jakarta/annotation/jakarta.annotation-api/2.1.1/jakarta.annotation-api-2.1.1.jar:/Users/ancongui/.m2/repository/org/springframework/spring-core/6.1.3/spring-core-6.1.3.jar:/Users/ancongui/.m2/repository/org/springframework/spring-jcl/6.1.3/spring-jcl-6.1.3.jar:/Users/ancongui/.m2/repository/org/yaml/snakeyaml/2.2/snakeyaml-2.2.jar:/Users/ancongui/.m2/repository/org/projectlombok/lombok/1.18.30/lombok-1.18.30.jar:/Users/ancongui/.m2/repository/org/springframework/boot/spring-boot-starter-test/3.2.2/spring-boot-starter-test-3.2.2.jar:/Users/ancongui/.m2/repository/org/springframework/boot/spring-boot-test/3.2.2/spring-boot-test-3.2.2.jar:/Users/ancongui/.m2/repository/org/springframework/boot/spring-boot-test-autoconfigure/3.2.2/spring-boot-test-autoconfigure-3.2.2.jar:/Users/ancongui/.m2/repository/com/jayway/jsonpath/json-path/2.8.0/json-path-2.8.0.jar:/Users/ancongui/.m2/repository/net/minidev/json-smart/2.5.0/json-smart-2.5.0.jar:/Users/ancongui/.m2/repository/net/minidev/accessors-smart/2.5.0/accessors-smart-2.5.0.jar:/Users/ancongui/.m2/repository/org/assertj/assertj-core/3.24.2/assertj-core-3.24.2.jar:/Users/ancongui/.m2/repository/net/bytebuddy/byte-buddy/1.14.11/byte-buddy-1.14.11.jar:/Users/ancongui/.m2/repository/org/awaitility/awaitility/4.2.0/awaitility-4.2.0.jar:/Users/ancongui/.m2/repository/org/hamcrest/hamcrest/2.2/hamcrest-2.2.jar:/Users/ancongui/.m2/repository/org/junit/jupiter/junit-jupiter/5.10.1/junit-jupiter-5.10.1.jar:/Users/ancongui/.m2/repository/org/junit/jupiter/junit-jupiter-api/5.10.1/junit-jupiter-api-5.10.1.jar:/Users/ancongui/.m2/repository/org/opentest4j/opentest4j/1.3.0/opentest4j-1.3.0.jar:/Users/ancongui/.m2/repository/org/junit/platform/junit-platform-commons/1.10.1/junit-platform-commons-1.10.1.jar:/Users/ancongui/.m2/repository/org/apiguardian/apiguardian-api/1.1.2/apiguardian-api-1.1.2.jar:/Users/ancongui/.m2/repository/org/junit/jupiter/junit-jupiter-params/5.10.1/junit-jupiter-params-5.10.1.jar:/Users/ancongui/.m2/repository/org/junit/jupiter/junit-jupiter-engine/5.10.1/junit-jupiter-engine-5.10.1.jar:/Users/ancongui/.m2/repository/org/junit/platform/junit-platform-engine/1.10.1/junit-platform-engine-1.10.1.jar:/Users/ancongui/.m2/repository/org/mockito/mockito-core/5.7.0/mockito-core-5.7.0.jar:/Users/ancongui/.m2/repository/net/bytebuddy/byte-buddy-agent/1.14.11/byte-buddy-agent-1.14.11.jar:/Users/ancongui/.m2/repository/org/objenesis/objenesis/3.3/objenesis-3.3.jar:/Users/ancongui/.m2/repository/org/mockito/mockito-junit-jupiter/5.7.0/mockito-junit-jupiter-5.7.0.jar:/Users/ancongui/.m2/repository/org/skyscreamer/jsonassert/1.5.1/jsonassert-1.5.1.jar:/Users/ancongui/.m2/repository/com/vaadin/external/google/android-json/0.0.20131108.vaadin1/android-json-0.0.20131108.vaadin1.jar:/Users/ancongui/.m2/repository/org/springframework/spring-test/6.1.3/spring-test-6.1.3.jar:/Users/ancongui/.m2/repository/org/xmlunit/xmlunit-core/2.9.1/xmlunit-core-2.9.1.jar:/Users/ancongui/.m2/repository/io/projectreactor/reactor-test/3.6.2/reactor-test-3.6.2.jar:/Users/ancongui/.m2/repository/io/projectreactor/reactor-core/3.6.2/reactor-core-3.6.2.jar:/Users/ancongui/.m2/repository/org/reactivestreams/reactive-streams/1.0.4/reactive-streams-1.0.4.jar:/Users/ancongui/.m2/repository/com/squareup/okhttp3/mockwebserver/4.12.0/mockwebserver-4.12.0.jar:/Users/ancongui/.m2/repository/com/squareup/okhttp3/okhttp/4.12.0/okhttp-4.12.0.jar:/Users/ancongui/.m2/repository/com/squareup/okio/okio/3.6.0/okio-3.6.0.jar:/Users/ancongui/.m2/repository/com/squareup/okio/okio-jvm/3.6.0/okio-jvm-3.6.0.jar:/Users/ancongui/.m2/repository/org/jetbrains/kotlin/kotlin-stdlib-common/1.9.22/kotlin-stdlib-common-1.9.22.jar:/Users/ancongui/.m2/repository/junit/junit/4.13.2/junit-4.13.2.jar:/Users/ancongui/.m2/repository/org/hamcrest/hamcrest-core/2.2/hamcrest-core-2.2.jar:/Users/ancongui/.m2/repository/org/jetbrains/kotlin/kotlin-stdlib-jdk8/1.9.22/kotlin-stdlib-jdk8-1.9.22.jar:/Users/ancongui/.m2/repository/org/jetbrains/kotlin/kotlin-stdlib/1.9.22/kotlin-stdlib-1.9.22.jar:/Users/ancongui/.m2/repository/org/jetbrains/annotations/13.0/annotations-13.0.jar:/Users/ancongui/.m2/repository/org/jetbrains/kotlin/kotlin-stdlib-jdk7/1.9.22/kotlin-stdlib-jdk7-1.9.22.jar:"/>
    <property name="sun.cpu.endian" value="little"/>
    <property name="user.home" value="/Users/ancongui"/>
    <property name="user.language" value="en"/>
    <property name="java.specification.vendor" value="Oracle Corporation"/>
    <property name="java.version.date" value="2025-07-15"/>
    <property name="java.home" value="/opt/homebrew/Cellar/openjdk@21/21.0.8/libexec/openjdk.jdk/Contents/Home"/>
    <property name="file.separator" value="/"/>
    <property name="basedir" value="/Users/ancongui/Development/firefly/lib-notifications-resend"/>
    <property name="java.vm.compressedOopsMode" value="Zero based"/>
    <property name="line.separator" value="&#10;"/>
    <property name="java.vm.specification.vendor" value="Oracle Corporation"/>
    <property name="java.specification.name" value="Java Platform API Specification"/>
    <property name="apple.awt.application.name" value="ForkedBooter"/>
    <property name="surefire.real.class.path" value="/Users/ancongui/Development/firefly/lib-notifications-resend/target/surefire/surefirebooter-20251029171944731_3.jar"/>
    <property name="sun.management.compiler" value="HotSpot 64-Bit Tiered Compilers"/>
    <property name="ftp.nonProxyHosts" value="local|*.local|169.254/16|*.169.254/16"/>
    <property name="java.runtime.version" value="21.0.8"/>
    <property name="user.name" value="ancongui"/>
    <property name="stdout.encoding" value="UTF-8"/>
    <property name="path.separator" value=":"/>
    <property name="os.version" value="15.6.1"/>
    <property name="java.runtime.name" value="OpenJDK Runtime Environment"/>
    <property name="file.encoding" value="UTF-8"/>
    <property name="java.vm.name" value="OpenJDK 64-Bit Server VM"/>
    <property name="java.vendor.version" value="Homebrew"/>
    <property name="localRepository" value="/Users/ancongui/.m2/repository"/>
    <property name="java.vendor.url.bug" value="https://github.com/Homebrew/homebrew-core/issues"/>
    <property name="java.io.tmpdir" value="/var/folders/p2/4fl5db5j76g30_b65vv36xx40000gn/T/"/>
    <property name="java.version" value="21.0.8"/>
    <property name="user.dir" value="/Users/ancongui/Development/firefly/lib-notifications-resend"/>
    <property name="os.arch" value="aarch64"/>
    <property name="java.vm.specification.name" value="Java Virtual Machine Specification"/>
    <property name="native.encoding" value="UTF-8"/>
    <property name="java.library.path" value="/Users/ancongui/Library/Java/Extensions:/Library/Java/Extensions:/Network/Library/Java/Extensions:/System/Library/Java/Extensions:/usr/lib/java:."/>
    <property name="java.vm.info" value="mixed mode, sharing"/>
    <property name="stderr.encoding" value="UTF-8"/>
    <property name="java.vendor" value="Homebrew"/>
    <property name="java.vm.version" value="21.0.8"/>
    <property name="sun.io.unicode.encoding" value="UnicodeBig"/>
    <property name="socksNonProxyHosts" value="local|*.local|169.254/16|*.169.254/16"/>
    <property name="java.class.version" value="65.0"/>
  </properties>
  <testcase name="sendEmail_success" classname="com.firefly.core.notifications.provider.resend.core.v1.ResendEmailProviderTest" time="0.566">
    <system-out><![CDATA[17:19:45.183 [main] INFO com.firefly.common.client.builder.RestClientBuilder -- Building REST service client for service 'resend' with base URL 'http://localhost:57765'
17:19:45.317 [main] INFO com.firefly.common.client.impl.RestServiceClientImpl -- Initialized REST service client for 'resend' with enhanced circuit breaker and base URL 'http://localhost:57765'
17:19:45.734 [boundedElastic-1] WARN com.firefly.common.client.impl.RestServiceClientImpl -- No circuit breaker configured for service 'resend'
17:19:45.777 [boundedElastic-1] ERROR io.netty.resolver.dns.DnsServerAddressStreamProviders -- Unable to load io.netty.resolver.dns.macos.MacOSDnsServerAddressStreamProvider, fallback to system defaults. This may result in incorrect DNS resolutions on MacOS. Check whether you have a dependency on 'io.netty:netty-resolver-dns-native-macos'. Use DEBUG level to see the full stack: java.lang.UnsatisfiedLinkError: failed to load the required native library
]]></system-out>
    <system-err><![CDATA[WARNING: A Java agent has been loaded dynamically (/Users/ancongui/.m2/repository/net/bytebuddy/byte-buddy-agent/1.14.11/byte-buddy-agent-1.14.11.jar)
WARNING: If a serviceability tool is in use, please run with -XX:+EnableDynamicAgentLoading to hide this warning
WARNING: If a serviceability tool is not in use, please run with -Djdk.instrument.traceUsage for more information
WARNING: Dynamic loading of agents will be disallowed by default in a future release
]]></system-err>
  </testcase>
  <testcase name="sendEmail_withAttachments" classname="com.firefly.core.notifications.provider.resend.core.v1.ResendEmailProviderTest" time="0.014">
    <failure message="&#10;Expecting actual:&#10;  {&quot;from&quot;=&quot;noreply@example.com&quot;, &quot;html&quot;=&quot;&lt;b&gt;World&lt;/b&gt;&quot;, &quot;subject&quot;=&quot;Hello&quot;, &quot;to&quot;=&quot;user@example.com&quot;}&#10;to contain key:&#10;  &quot;attachments&quot;" type="java.lang.AssertionError"><![CDATA[java.lang.AssertionError: 

Expecting actual:
  {"from"="noreply@example.com", "html"="<b>World</b>", "subject"="Hello", "to"="user@example.com"}
to contain key:
  "attachments"
	at com.firefly.core.notifications.provider.resend.core.v1.ResendEmailProviderTest.sendEmail_withAttachments(ResendEmailProviderTest.java:128)
	at java.base/java.lang.reflect.Method.invoke(Method.java:580)
	at java.base/java.util.ArrayList.forEach(ArrayList.java:1596)
	at java.base/java.util.ArrayList.forEach(ArrayList.java:1596)
]]></failure>
    <system-out><![CDATA[17:19:45.892 [boundedElastic-1] WARN com.firefly.common.client.impl.RestServiceClientImpl -- No circuit breaker configured for service 'resend'
]]></system-out>
  </testcase>
  <testcase name="sendEmail_withCcAndBcc" classname="com.firefly.core.notifications.provider.resend.core.v1.ResendEmailProviderTest" time="0.006">
    <failure message="&#10;Expecting actual:&#10;  {&quot;attachments&quot;=[{&quot;content&quot;=&quot;ZmFrZS1wZGYtY29udGVudA==&quot;, &quot;content_type&quot;=&quot;application/pdf&quot;, &quot;filename&quot;=&quot;invoice.pdf&quot;},&#10;    {&quot;content&quot;=&quot;ZmFrZS1pbWFnZS1jb250ZW50&quot;, &quot;content_type&quot;=&quot;image/png&quot;, &quot;filename&quot;=&quot;logo.png&quot;}], &quot;from&quot;=&quot;noreply@example.com&quot;, &quot;html&quot;=&quot;&lt;p&gt;Please find your invoice attached.&lt;/p&gt;&quot;, &quot;subject&quot;=&quot;Invoice with attachments&quot;, &quot;text&quot;=&quot;Please find your invoice attached.&quot;, &quot;to&quot;=&quot;customer@example.com&quot;}&#10;to contain key:&#10;  &quot;cc&quot;" type="java.lang.AssertionError"><![CDATA[java.lang.AssertionError: 

Expecting actual:
  {"attachments"=[{"content"="ZmFrZS1wZGYtY29udGVudA==", "content_type"="application/pdf", "filename"="invoice.pdf"},
    {"content"="ZmFrZS1pbWFnZS1jb250ZW50", "content_type"="image/png", "filename"="logo.png"}], "from"="noreply@example.com", "html"="<p>Please find your invoice attached.</p>", "subject"="Invoice with attachments", "text"="Please find your invoice attached.", "to"="customer@example.com"}
to contain key:
  "cc"
	at com.firefly.core.notifications.provider.resend.core.v1.ResendEmailProviderTest.sendEmail_withCcAndBcc(ResendEmailProviderTest.java:169)
	at java.base/java.lang.reflect.Method.invoke(Method.java:580)
	at java.base/java.util.ArrayList.forEach(ArrayList.java:1596)
	at java.base/java.util.ArrayList.forEach(ArrayList.java:1596)
]]></failure>
    <system-out><![CDATA[17:19:45.907 [boundedElastic-1] WARN com.firefly.common.client.impl.RestServiceClientImpl -- No circuit breaker configured for service 'resend'
]]></system-out>
  </testcase>
</testsuite>